<?xml version="1.0" encoding="UTF-8"?>
<!-- Generated by org.testng.reporters.JUnitReportReporter -->
<testsuite hostname="Envichka" failures="0" tests="1" name="com.heroku.tests.FramesPageTest" time="7.824" errors="0" timestamp="2024-04-21T17:21:40 CEST" skipped="0">
  <testcase classname="com.heroku.tests.FramesPageTest" name="clickFramePage" time="7.824"/>
</testsuite> <!-- com.heroku.tests.FramesPageTest -->
